[2020-04-19 11:05:28] local.ERROR: SQLSTATE[HY000] [2002] No connection could be made because the target machine actively refused it.
 (SQL: select * from `permissions`) {"exception":"[object] (Illuminate\\Database\\QueryException(code: 2002): SQLSTATE[HY000] [2002] No connection could be made because the target machine actively refused it.
 (SQL: select * from `permissions`) at C:\\Users\\shahin\\Desktop\\Vira\\Galaxy\\vendor\\laravel\\framework\\src\\Illuminate\\Database\\Connection.php:664, PDOException(code: 2002): SQLSTATE[HY000] [2002] No connection could be made because the target machine actively refused it.
 at C:\\Users\\shahin\\Desktop\\Vira\\Galaxy\\vendor\\laravel\\framework\\src\\Illuminate\\Database\\Connectors\\Connector.php:70)
[stacktrace]
#0 C:\\Users\\shahin\\Desktop\\Vira\\Galaxy\\vendor\\laravel\\framework\\src\\Illuminate\\Database\\Connection.php(624): Illuminate\\Database\\Connection->runQueryCallback('select * from `...', Array, Object(Closure))
#1 C:\\Users\\shahin\\Desktop\\Vira\\Galaxy\\vendor\\laravel\\framework\\src\\Illuminate\\Database\\Connection.php(333): Illuminate\\Database\\Connection->run('select * from `...', Array, Object(Closure))
#2 C:\\Users\\shahin\\Desktop\\Vira\\Galaxy\\vendor\\laravel\\framework\\src\\Illuminate\\Database\\Query\\Builder.php(2124): Illuminate\\Database\\Connection->select('select * from `...', Array, true)
#3 C:\\Users\\shahin\\Desktop\\Vira\\Galaxy\\vendor\\laravel\\framework\\src\\Illuminate\\Database\\Query\\Builder.php(2112): Illuminate\\Database\\Query\\Builder->runSelect()
#4 C:\\Users\\shahin\\Desktop\\Vira\\Galaxy\\vendor\\laravel\\framework\\src\\Illuminate\\Database\\Query\\Builder.php(2598): Illuminate\\Database\\Query\\Builder->Illuminate\\Database\\Query\\{closure}()
#5 C:\\Users\\shahin\\Desktop\\Vira\\Galaxy\\vendor\\laravel\\framework\\src\\Illuminate\\Database\\Query\\Builder.php(2113): Illuminate\\Database\\Query\\Builder->onceWithColumns(Array, Object(Closure))
#6 C:\\Users\\shahin\\Desktop\\Vira\\Galaxy\\vendor\\laravel\\framework\\src\\Illuminate\\Database\\Eloquent\\Builder.php(521): Illuminate\\Database\\Query\\Builder->get(Array)
#7 C:\\Users\\shahin\\Desktop\\Vira\\Galaxy\\vendor\\laravel\\framework\\src\\Illuminate\\Database\\Eloquent\\Builder.php(505): Illuminate\\Database\\Eloquent\\Builder->getModels(Array)
#8 C:\\Users\\shahin\\Desktop\\Vira\\Galaxy\\vendor\\laravel\\framework\\src\\Illuminate\\Support\\Traits\\ForwardsCalls.php(23): Illuminate\\Database\\Eloquent\\Builder->get()
#9 C:\\Users\\shahin\\Desktop\\Vira\\Galaxy\\vendor\\laravel\\framework\\src\\Illuminate\\Database\\Eloquent\\Model.php(1618): Illuminate\\Database\\Eloquent\\Model->forwardCallTo(Object(Illuminate\\Database\\Eloquent\\Builder), 'get', Array)
#10 C:\\Users\\shahin\\Desktop\\Vira\\Galaxy\\vendor\\laravel\\framework\\src\\Illuminate\\Database\\Eloquent\\Model.php(1630): Illuminate\\Database\\Eloquent\\Model->__call('get', Array)
#11 C:\\Users\\shahin\\Desktop\\Vira\\Galaxy\\app\\Providers\\AuthServiceProvider.php(39): Illuminate\\Database\\Eloquent\\Model::__callStatic('get', Array)
#12 C:\\Users\\shahin\\Desktop\\Vira\\Galaxy\\app\\Providers\\AuthServiceProvider.php(30): App\\Providers\\AuthServiceProvider->allPermissions()
#13 [internal function]: App\\Providers\\AuthServiceProvider->boot()
#14 C:\\Users\\shahin\\Desktop\\Vira\\Galaxy\\vendor\\laravel\\framework\\src\\Illuminate\\Container\\BoundMethod.php(32): call_user_func_array(Array, Array)
#15 C:\\Users\\shahin\\Desktop\\Vira\\Galaxy\\vendor\\laravel\\framework\\src\\Illuminate\\Container\\BoundMethod.php(90): Illuminate\\Container\\BoundMethod::Illuminate\\Container\\{closure}()
#16 C:\\Users\\shahin\\Desktop\\Vira\\Galaxy\\vendor\\laravel\\framework\\src\\Illuminate\\Container\\BoundMethod.php(34): Illuminate\\Container\\BoundMethod::callBoundMethod(Object(Illuminate\\Foundation\\Application), Array, Object(Closure))
#17 C:\\Users\\shahin\\Desktop\\Vira\\Galaxy\\vendor\\laravel\\framework\\src\\Illuminate\\Container\\Container.php(576): Illuminate\\Container\\BoundMethod::call(Object(Illuminate\\Foundation\\Application), Array, Array, NULL)
#18 C:\\Users\\shahin\\Desktop\\Vira\\Galaxy\\vendor\\laravel\\framework\\src\\Illuminate\\Foundation\\Application.php(827): Illuminate\\Container\\Container->call(Array)
#19 C:\\Users\\shahin\\Desktop\\Vira\\Galaxy\\vendor\\laravel\\framework\\src\\Illuminate\\Foundation\\Application.php(810): Illuminate\\Foundation\\Application->bootProvider(Object(App\\Providers\\AuthServiceProvider))
#20 [internal function]: Illuminate\\Foundation\\Application->Illuminate\\Foundation\\{closure}(Object(App\\Providers\\AuthServiceProvider), 23)
#21 C:\\Users\\shahin\\Desktop\\Vira\\Galaxy\\vendor\\laravel\\framework\\src\\Illuminate\\Foundation\\Application.php(811): array_walk(Array, Object(Closure))
#22 C:\\Users\\shahin\\Desktop\\Vira\\Galaxy\\vendor\\laravel\\framework\\src\\Illuminate\\Foundation\\Bootstrap\\BootProviders.php(17): Illuminate\\Foundation\\Application->boot()
#23 C:\\Users\\shahin\\Desktop\\Vira\\Galaxy\\vendor\\laravel\\framework\\src\\Illuminate\\Foundation\\Application.php(210): Illuminate\\Foundation\\Bootstrap\\BootProviders->bootstrap(Object(Illuminate\\Foundation\\Application))
#24 C:\\Users\\shahin\\Desktop\\Vira\\Galaxy\\vendor\\laravel\\framework\\src\\Illuminate\\Foundation\\Http\\Kernel.php(162): Illuminate\\Foundation\\Application->bootstrapWith(Array)
#25 C:\\Users\\shahin\\Desktop\\Vira\\Galaxy\\vendor\\laravel\\framework\\src\\Illuminate\\Foundation\\Http\\Kernel.php(146): Illuminate\\Foundation\\Http\\Kernel->bootstrap()
#26 C:\\Users\\shahin\\Desktop\\Vira\\Galaxy\\vendor\\laravel\\framework\\src\\Illuminate\\Foundation\\Http\\Kernel.php(116): Illuminate\\Foundation\\Http\\Kernel->sendRequestThroughRouter(Object(Illuminate\\Http\\Request))
#27 C:\\Users\\shahin\\Desktop\\Vira\\Galaxy\\public\\index.php(55): Illuminate\\Foundation\\Http\\Kernel->handle(Object(Illuminate\\Http\\Request))
#28 {main}
"} 
[2020-04-19 11:24:33] local.ERROR: SQLSTATE[HY000] [1049] Unknown database 'behdashtkar' (SQL: select * from `permissions`) {"exception":"[object] (Illuminate\\Database\\QueryException(code: 1049): SQLSTATE[HY000] [1049] Unknown database 'behdashtkar' (SQL: select * from `permissions`) at C:\\Users\\shahin\\Desktop\\Vira\\Galaxy\\vendor\\laravel\\framework\\src\\Illuminate\\Database\\Connection.php:664, PDOException(code: 1049): SQLSTATE[HY000] [1049] Unknown database 'behdashtkar' at C:\\Users\\shahin\\Desktop\\Vira\\Galaxy\\vendor\\laravel\\framework\\src\\Illuminate\\Database\\Connectors\\Connector.php:70)
[stacktrace]
#0 C:\\Users\\shahin\\Desktop\\Vira\\Galaxy\\vendor\\laravel\\framework\\src\\Illuminate\\Database\\Connection.php(624): Illuminate\\Database\\Connection->runQueryCallback('select * from `...', Array, Object(Closure))
#1 C:\\Users\\shahin\\Desktop\\Vira\\Galaxy\\vendor\\laravel\\framework\\src\\Illuminate\\Database\\Connection.php(333): Illuminate\\Database\\Connection->run('select * from `...', Array, Object(Closure))
#2 C:\\Users\\shahin\\Desktop\\Vira\\Galaxy\\vendor\\laravel\\framework\\src\\Illuminate\\Database\\Query\\Builder.php(2124): Illuminate\\Database\\Connection->select('select * from `...', Array, true)
#3 C:\\Users\\shahin\\Desktop\\Vira\\Galaxy\\vendor\\laravel\\framework\\src\\Illuminate\\Database\\Query\\Builder.php(2112): Illuminate\\Database\\Query\\Builder->runSelect()
#4 C:\\Users\\shahin\\Desktop\\Vira\\Galaxy\\vendor\\laravel\\framework\\src\\Illuminate\\Database\\Query\\Builder.php(2598): Illuminate\\Database\\Query\\Builder->Illuminate\\Database\\Query\\{closure}()
#5 C:\\Users\\shahin\\Desktop\\Vira\\Galaxy\\vendor\\laravel\\framework\\src\\Illuminate\\Database\\Query\\Builder.php(2113): Illuminate\\Database\\Query\\Builder->onceWithColumns(Array, Object(Closure))
#6 C:\\Users\\shahin\\Desktop\\Vira\\Galaxy\\vendor\\laravel\\framework\\src\\Illuminate\\Database\\Eloquent\\Builder.php(521): Illuminate\\Database\\Query\\Builder->get(Array)
#7 C:\\Users\\shahin\\Desktop\\Vira\\Galaxy\\vendor\\laravel\\framework\\src\\Illuminate\\Database\\Eloquent\\Builder.php(505): Illuminate\\Database\\Eloquent\\Builder->getModels(Array)
#8 C:\\Users\\shahin\\Desktop\\Vira\\Galaxy\\vendor\\laravel\\framework\\src\\Illuminate\\Support\\Traits\\ForwardsCalls.php(23): Illuminate\\Database\\Eloquent\\Builder->get()
#9 C:\\Users\\shahin\\Desktop\\Vira\\Galaxy\\vendor\\laravel\\framework\\src\\Illuminate\\Database\\Eloquent\\Model.php(1618): Illuminate\\Database\\Eloquent\\Model->forwardCallTo(Object(Illuminate\\Database\\Eloquent\\Builder), 'get', Array)
#10 C:\\Users\\shahin\\Desktop\\Vira\\Galaxy\\vendor\\laravel\\framework\\src\\Illuminate\\Database\\Eloquent\\Model.php(1630): Illuminate\\Database\\Eloquent\\Model->__call('get', Array)
#11 C:\\Users\\shahin\\Desktop\\Vira\\Galaxy\\app\\Providers\\AuthServiceProvider.php(39): Illuminate\\Database\\Eloquent\\Model::__callStatic('get', Array)
#12 C:\\Users\\shahin\\Desktop\\Vira\\Galaxy\\app\\Providers\\AuthServiceProvider.php(30): App\\Providers\\AuthServiceProvider->allPermissions()
#13 [internal function]: App\\Providers\\AuthServiceProvider->boot()
#14 C:\\Users\\shahin\\Desktop\\Vira\\Galaxy\\vendor\\laravel\\framework\\src\\Illuminate\\Container\\BoundMethod.php(32): call_user_func_array(Array, Array)
#15 C:\\Users\\shahin\\Desktop\\Vira\\Galaxy\\vendor\\laravel\\framework\\src\\Illuminate\\Container\\BoundMethod.php(90): Illuminate\\Container\\BoundMethod::Illuminate\\Container\\{closure}()
#16 C:\\Users\\shahin\\Desktop\\Vira\\Galaxy\\vendor\\laravel\\framework\\src\\Illuminate\\Container\\BoundMethod.php(34): Illuminate\\Container\\BoundMethod::callBoundMethod(Object(Illuminate\\Foundation\\Application), Array, Object(Closure))
#17 C:\\Users\\shahin\\Desktop\\Vira\\Galaxy\\vendor\\laravel\\framework\\src\\Illuminate\\Container\\Container.php(576): Illuminate\\Container\\BoundMethod::call(Object(Illuminate\\Foundation\\Application), Array, Array, NULL)
#18 C:\\Users\\shahin\\Desktop\\Vira\\Galaxy\\vendor\\laravel\\framework\\src\\Illuminate\\Foundation\\Application.php(827): Illuminate\\Container\\Container->call(Array)
#19 C:\\Users\\shahin\\Desktop\\Vira\\Galaxy\\vendor\\laravel\\framework\\src\\Illuminate\\Foundation\\Application.php(810): Illuminate\\Foundation\\Application->bootProvider(Object(App\\Providers\\AuthServiceProvider))
#20 [internal function]: Illuminate\\Foundation\\Application->Illuminate\\Foundation\\{closure}(Object(App\\Providers\\AuthServiceProvider), 23)
#21 C:\\Users\\shahin\\Desktop\\Vira\\Galaxy\\vendor\\laravel\\framework\\src\\Illuminate\\Foundation\\Application.php(811): array_walk(Array, Object(Closure))
#22 C:\\Users\\shahin\\Desktop\\Vira\\Galaxy\\vendor\\laravel\\framework\\src\\Illuminate\\Foundation\\Bootstrap\\BootProviders.php(17): Illuminate\\Foundation\\Application->boot()
#23 C:\\Users\\shahin\\Desktop\\Vira\\Galaxy\\vendor\\laravel\\framework\\src\\Illuminate\\Foundation\\Application.php(210): Illuminate\\Foundation\\Bootstrap\\BootProviders->bootstrap(Object(Illuminate\\Foundation\\Application))
#24 C:\\Users\\shahin\\Desktop\\Vira\\Galaxy\\vendor\\laravel\\framework\\src\\Illuminate\\Foundation\\Http\\Kernel.php(162): Illuminate\\Foundation\\Application->bootstrapWith(Array)
#25 C:\\Users\\shahin\\Desktop\\Vira\\Galaxy\\vendor\\laravel\\framework\\src\\Illuminate\\Foundation\\Http\\Kernel.php(146): Illuminate\\Foundation\\Http\\Kernel->bootstrap()
#26 C:\\Users\\shahin\\Desktop\\Vira\\Galaxy\\vendor\\laravel\\framework\\src\\Illuminate\\Foundation\\Http\\Kernel.php(116): Illuminate\\Foundation\\Http\\Kernel->sendRequestThroughRouter(Object(Illuminate\\Http\\Request))
#27 C:\\Users\\shahin\\Desktop\\Vira\\Galaxy\\public\\index.php(55): Illuminate\\Foundation\\Http\\Kernel->handle(Object(Illuminate\\Http\\Request))
#28 {main}
"} 
[2020-04-19 12:39:45] local.ERROR: file_put_contents(C:\Users\shahin\Desktop\Vira\Galaxy\storage\framework/cache/data/7d/36/7d36ab8afcb59632bc9f122f17e545d682de6b25): failed to open stream: Permission denied {"exception":"[object] (ErrorException(code: 0): file_put_contents(C:\\Users\\shahin\\Desktop\\Vira\\Galaxy\\storage\\framework/cache/data/7d/36/7d36ab8afcb59632bc9f122f17e545d682de6b25): failed to open stream: Permission denied at C:\\Users\\shahin\\Desktop\\Vira\\Galaxy\\vendor\\laravel\\framework\\src\\Illuminate\\Filesystem\\Filesystem.php:122)
[stacktrace]
#0 [internal function]: Illuminate\\Foundation\\Bootstrap\\HandleExceptions->handleError(2, 'file_put_conten...', 'C:\\\\Users\\\\shahin...', 122, Array)
#1 C:\\Users\\shahin\\Desktop\\Vira\\Galaxy\\vendor\\laravel\\framework\\src\\Illuminate\\Filesystem\\Filesystem.php(122): file_put_contents('C:\\\\Users\\\\shahin...', '1587300044i:158...', 2)
#2 C:\\Users\\shahin\\Desktop\\Vira\\Galaxy\\vendor\\laravel\\framework\\src\\Illuminate\\Cache\\FileStore.php(65): Illuminate\\Filesystem\\Filesystem->put('C:\\\\Users\\\\shahin...', '1587300044i:158...', true)
#3 C:\\Users\\shahin\\Desktop\\Vira\\Galaxy\\vendor\\laravel\\framework\\src\\Illuminate\\Cache\\Repository.php(215): Illuminate\\Cache\\FileStore->put('424f74a6a7ed4d4...', 1587300044, 60)
#4 C:\\Users\\shahin\\Desktop\\Vira\\Galaxy\\vendor\\laravel\\framework\\src\\Illuminate\\Cache\\Repository.php(320): Illuminate\\Cache\\Repository->put('424f74a6a7ed4d4...', 1587300044, 60)
#5 C:\\Users\\shahin\\Desktop\\Vira\\Galaxy\\vendor\\laravel\\framework\\src\\Illuminate\\Cache\\RateLimiter.php(60): Illuminate\\Cache\\Repository->add('424f74a6a7ed4d4...', 1587300044, 60)
#6 C:\\Users\\shahin\\Desktop\\Vira\\Galaxy\\vendor\\laravel\\framework\\src\\Illuminate\\Routing\\Middleware\\ThrottleRequests.php(56): Illuminate\\Cache\\RateLimiter->hit('424f74a6a7ed4d4...', 60)
#7 C:\\Users\\shahin\\Desktop\\Vira\\Galaxy\\vendor\\laravel\\framework\\src\\Illuminate\\Pipeline\\Pipeline.php(163): Illuminate\\Routing\\Middleware\\ThrottleRequests->handle(Object(Illuminate\\Http\\Request), Object(Closure), 60, '1')
#8 C:\\Users\\shahin\\Desktop\\Vira\\Galaxy\\vendor\\laravel\\framework\\src\\Illuminate\\Routing\\Pipeline.php(53): Illuminate\\Pipeline\\Pipeline->Illuminate\\Pipeline\\{closure}(Object(Illuminate\\Http\\Request))
#9 C:\\Users\\shahin\\Desktop\\Vira\\Galaxy\\vendor\\laravel\\framework\\src\\Illuminate\\Pipeline\\Pipeline.php(104): Illuminate\\Routing\\Pipeline->Illuminate\\Routing\\{closure}(Object(Illuminate\\Http\\Request))
#10 C:\\Users\\shahin\\Desktop\\Vira\\Galaxy\\vendor\\laravel\\framework\\src\\Illuminate\\Routing\\Router.php(682): Illuminate\\Pipeline\\Pipeline->then(Object(Closure))
#11 C:\\Users\\shahin\\Desktop\\Vira\\Galaxy\\vendor\\laravel\\framework\\src\\Illuminate\\Routing\\Router.php(657): Illuminate\\Routing\\Router->runRouteWithinStack(Object(Illuminate\\Routing\\Route), Object(Illuminate\\Http\\Request))
#12 C:\\Users\\shahin\\Desktop\\Vira\\Galaxy\\vendor\\laravel\\framework\\src\\Illuminate\\Routing\\Router.php(623): Illuminate\\Routing\\Router->runRoute(Object(Illuminate\\Http\\Request), Object(Illuminate\\Routing\\Route))
#13 C:\\Users\\shahin\\Desktop\\Vira\\Galaxy\\vendor\\laravel\\framework\\src\\Illuminate\\Routing\\Router.php(612): Illuminate\\Routing\\Router->dispatchToRoute(Object(Illuminate\\Http\\Request))
#14 C:\\Users\\shahin\\Desktop\\Vira\\Galaxy\\vendor\\laravel\\framework\\src\\Illuminate\\Foundation\\Http\\Kernel.php(176): Illuminate\\Routing\\Router->dispatch(Object(Illuminate\\Http\\Request))
#15 C:\\Users\\shahin\\Desktop\\Vira\\Galaxy\\vendor\\laravel\\framework\\src\\Illuminate\\Routing\\Pipeline.php(30): Illuminate\\Foundation\\Http\\Kernel->Illuminate\\Foundation\\Http\\{closure}(Object(Illuminate\\Http\\Request))
#16 C:\\Users\\shahin\\Desktop\\Vira\\Galaxy\\vendor\\fideloper\\proxy\\src\\TrustProxies.php(57): Illuminate\\Routing\\Pipeline->Illuminate\\Routing\\{closure}(Object(Illuminate\\Http\\Request))
#17 C:\\Users\\shahin\\Desktop\\Vira\\Galaxy\\vendor\\laravel\\framework\\src\\Illuminate\\Pipeline\\Pipeline.php(163): Fideloper\\Proxy\\TrustProxies->handle(Object(Illuminate\\Http\\Request), Object(Closure))
#18 C:\\Users\\shahin\\Desktop\\Vira\\Galaxy\\vendor\\laravel\\framework\\src\\Illuminate\\Routing\\Pipeline.php(53): Illuminate\\Pipeline\\Pipeline->Illuminate\\Pipeline\\{closure}(Object(Illuminate\\Http\\Request))
#19 C:\\Users\\shahin\\Desktop\\Vira\\Galaxy\\vendor\\laravel\\framework\\src\\Illuminate\\Foundation\\Http\\Middleware\\TransformsRequest.php(21): Illuminate\\Routing\\Pipeline->Illuminate\\Routing\\{closure}(Object(Illuminate\\Http\\Request))
#20 C:\\Users\\shahin\\Desktop\\Vira\\Galaxy\\vendor\\laravel\\framework\\src\\Illuminate\\Pipeline\\Pipeline.php(163): Illuminate\\Foundation\\Http\\Middleware\\TransformsRequest->handle(Object(Illuminate\\Http\\Request), Object(Closure))
#21 C:\\Users\\shahin\\Desktop\\Vira\\Galaxy\\vendor\\laravel\\framework\\src\\Illuminate\\Routing\\Pipeline.php(53): Illuminate\\Pipeline\\Pipeline->Illuminate\\Pipeline\\{closure}(Object(Illuminate\\Http\\Request))
#22 C:\\Users\\shahin\\Desktop\\Vira\\Galaxy\\vendor\\laravel\\framework\\src\\Illuminate\\Foundation\\Http\\Middleware\\TransformsRequest.php(21): Illuminate\\Routing\\Pipeline->Illuminate\\Routing\\{closure}(Object(Illuminate\\Http\\Request))
#23 C:\\Users\\shahin\\Desktop\\Vira\\Galaxy\\vendor\\laravel\\framework\\src\\Illuminate\\Pipeline\\Pipeline.php(163): Illuminate\\Foundation\\Http\\Middleware\\TransformsRequest->handle(Object(Illuminate\\Http\\Request), Object(Closure))
#24 C:\\Users\\shahin\\Desktop\\Vira\\Galaxy\\vendor\\laravel\\framework\\src\\Illuminate\\Routing\\Pipeline.php(53): Illuminate\\Pipeline\\Pipeline->Illuminate\\Pipeline\\{closure}(Object(Illuminate\\Http\\Request))
#25 C:\\Users\\shahin\\Desktop\\Vira\\Galaxy\\vendor\\laravel\\framework\\src\\Illuminate\\Foundation\\Http\\Middleware\\ValidatePostSize.php(27): Illuminate\\Routing\\Pipeline->Illuminate\\Routing\\{closure}(Object(Illuminate\\Http\\Request))
#26 C:\\Users\\shahin\\Desktop\\Vira\\Galaxy\\vendor\\laravel\\framework\\src\\Illuminate\\Pipeline\\Pipeline.php(163): Illuminate\\Foundation\\Http\\Middleware\\ValidatePostSize->handle(Object(Illuminate\\Http\\Request), Object(Closure))
#27 C:\\Users\\shahin\\Desktop\\Vira\\Galaxy\\vendor\\laravel\\framework\\src\\Illuminate\\Routing\\Pipeline.php(53): Illuminate\\Pipeline\\Pipeline->Illuminate\\Pipeline\\{closure}(Object(Illuminate\\Http\\Request))
#28 C:\\Users\\shahin\\Desktop\\Vira\\Galaxy\\vendor\\laravel\\framework\\src\\Illuminate\\Foundation\\Http\\Middleware\\CheckForMaintenanceMode.php(62): Illuminate\\Routing\\Pipeline->Illuminate\\Routing\\{closure}(Object(Illuminate\\Http\\Request))
#29 C:\\Users\\shahin\\Desktop\\Vira\\Galaxy\\vendor\\laravel\\framework\\src\\Illuminate\\Pipeline\\Pipeline.php(163): Illuminate\\Foundation\\Http\\Middleware\\CheckForMaintenanceMode->handle(Object(Illuminate\\Http\\Request), Object(Closure))
#30 C:\\Users\\shahin\\Desktop\\Vira\\Galaxy\\vendor\\laravel\\framework\\src\\Illuminate\\Routing\\Pipeline.php(53): Illuminate\\Pipeline\\Pipeline->Illuminate\\Pipeline\\{closure}(Object(Illuminate\\Http\\Request))
#31 C:\\Users\\shahin\\Desktop\\Vira\\Galaxy\\vendor\\laravel\\framework\\src\\Illuminate\\Pipeline\\Pipeline.php(104): Illuminate\\Routing\\Pipeline->Illuminate\\Routing\\{closure}(Object(Illuminate\\Http\\Request))
#32 C:\\Users\\shahin\\Desktop\\Vira\\Galaxy\\vendor\\laravel\\framework\\src\\Illuminate\\Foundation\\Http\\Kernel.php(151): Illuminate\\Pipeline\\Pipeline->then(Object(Closure))
#33 C:\\Users\\shahin\\Desktop\\Vira\\Galaxy\\vendor\\laravel\\framework\\src\\Illuminate\\Foundation\\Http\\Kernel.php(116): Illuminate\\Foundation\\Http\\Kernel->sendRequestThroughRouter(Object(Illuminate\\Http\\Request))
#34 C:\\Users\\shahin\\Desktop\\Vira\\Galaxy\\public\\index.php(55): Illuminate\\Foundation\\Http\\Kernel->handle(Object(Illuminate\\Http\\Request))
#35 {main}
"} 
[2020-04-19 13:01:55] local.ERROR: file_put_contents(C:\Users\shahin\Desktop\Vira\Galaxy\storage\framework/cache/data/7d/36/7d36ab8afcb59632bc9f122f17e545d682de6b25): failed to open stream: Permission denied {"exception":"[object] (ErrorException(code: 0): file_put_contents(C:\\Users\\shahin\\Desktop\\Vira\\Galaxy\\storage\\framework/cache/data/7d/36/7d36ab8afcb59632bc9f122f17e545d682de6b25): failed to open stream: Permission denied at C:\\Users\\shahin\\Desktop\\Vira\\Galaxy\\vendor\\laravel\\framework\\src\\Illuminate\\Filesystem\\Filesystem.php:122)
[stacktrace]
#0 [internal function]: Illuminate\\Foundation\\Bootstrap\\HandleExceptions->handleError(2, 'file_put_conten...', 'C:\\\\Users\\\\shahin...', 122, Array)
#1 C:\\Users\\shahin\\Desktop\\Vira\\Galaxy\\vendor\\laravel\\framework\\src\\Illuminate\\Filesystem\\Filesystem.php(122): file_put_contents('C:\\\\Users\\\\shahin...', '1587301375i:158...', 2)
#2 C:\\Users\\shahin\\Desktop\\Vira\\Galaxy\\vendor\\laravel\\framework\\src\\Illuminate\\Cache\\FileStore.php(65): Illuminate\\Filesystem\\Filesystem->put('C:\\\\Users\\\\shahin...', '1587301375i:158...', true)
#3 C:\\Users\\shahin\\Desktop\\Vira\\Galaxy\\vendor\\laravel\\framework\\src\\Illuminate\\Cache\\Repository.php(215): Illuminate\\Cache\\FileStore->put('424f74a6a7ed4d4...', 1587301375, 60)
#4 C:\\Users\\shahin\\Desktop\\Vira\\Galaxy\\vendor\\laravel\\framework\\src\\Illuminate\\Cache\\Repository.php(320): Illuminate\\Cache\\Repository->put('424f74a6a7ed4d4...', 1587301375, 60)
#5 C:\\Users\\shahin\\Desktop\\Vira\\Galaxy\\vendor\\laravel\\framework\\src\\Illuminate\\Cache\\RateLimiter.php(60): Illuminate\\Cache\\Repository->add('424f74a6a7ed4d4...', 1587301375, 60)
#6 C:\\Users\\shahin\\Desktop\\Vira\\Galaxy\\vendor\\laravel\\framework\\src\\Illuminate\\Routing\\Middleware\\ThrottleRequests.php(56): Illuminate\\Cache\\RateLimiter->hit('424f74a6a7ed4d4...', 60)
#7 C:\\Users\\shahin\\Desktop\\Vira\\Galaxy\\vendor\\laravel\\framework\\src\\Illuminate\\Pipeline\\Pipeline.php(163): Illuminate\\Routing\\Middleware\\ThrottleRequests->handle(Object(Illuminate\\Http\\Request), Object(Closure), 60, '1')
#8 C:\\Users\\shahin\\Desktop\\Vira\\Galaxy\\vendor\\laravel\\framework\\src\\Illuminate\\Routing\\Pipeline.php(53): Illuminate\\Pipeline\\Pipeline->Illuminate\\Pipeline\\{closure}(Object(Illuminate\\Http\\Request))
#9 C:\\Users\\shahin\\Desktop\\Vira\\Galaxy\\vendor\\laravel\\framework\\src\\Illuminate\\Pipeline\\Pipeline.php(104): Illuminate\\Routing\\Pipeline->Illuminate\\Routing\\{closure}(Object(Illuminate\\Http\\Request))
#10 C:\\Users\\shahin\\Desktop\\Vira\\Galaxy\\vendor\\laravel\\framework\\src\\Illuminate\\Routing\\Router.php(682): Illuminate\\Pipeline\\Pipeline->then(Object(Closure))
#11 C:\\Users\\shahin\\Desktop\\Vira\\Galaxy\\vendor\\laravel\\framework\\src\\Illuminate\\Routing\\Router.php(657): Illuminate\\Routing\\Router->runRouteWithinStack(Object(Illuminate\\Routing\\Route), Object(Illuminate\\Http\\Request))
#12 C:\\Users\\shahin\\Desktop\\Vira\\Galaxy\\vendor\\laravel\\framework\\src\\Illuminate\\Routing\\Router.php(623): Illuminate\\Routing\\Router->runRoute(Object(Illuminate\\Http\\Request), Object(Illuminate\\Routing\\Route))
#13 C:\\Users\\shahin\\Desktop\\Vira\\Galaxy\\vendor\\laravel\\framework\\src\\Illuminate\\Routing\\Router.php(612): Illuminate\\Routing\\Router->dispatchToRoute(Object(Illuminate\\Http\\Request))
#14 C:\\Users\\shahin\\Desktop\\Vira\\Galaxy\\vendor\\laravel\\framework\\src\\Illuminate\\Foundation\\Http\\Kernel.php(176): Illuminate\\Routing\\Router->dispatch(Object(Illuminate\\Http\\Request))
#15 C:\\Users\\shahin\\Desktop\\Vira\\Galaxy\\vendor\\laravel\\framework\\src\\Illuminate\\Routing\\Pipeline.php(30): Illuminate\\Foundation\\Http\\Kernel->Illuminate\\Foundation\\Http\\{closure}(Object(Illuminate\\Http\\Request))
#16 C:\\Users\\shahin\\Desktop\\Vira\\Galaxy\\vendor\\fideloper\\proxy\\src\\TrustProxies.php(57): Illuminate\\Routing\\Pipeline->Illuminate\\Routing\\{closure}(Object(Illuminate\\Http\\Request))
#17 C:\\Users\\shahin\\Desktop\\Vira\\Galaxy\\vendor\\laravel\\framework\\src\\Illuminate\\Pipeline\\Pipeline.php(163): Fideloper\\Proxy\\TrustProxies->handle(Object(Illuminate\\Http\\Request), Object(Closure))
#18 C:\\Users\\shahin\\Desktop\\Vira\\Galaxy\\vendor\\laravel\\framework\\src\\Illuminate\\Routing\\Pipeline.php(53): Illuminate\\Pipeline\\Pipeline->Illuminate\\Pipeline\\{closure}(Object(Illuminate\\Http\\Request))
#19 C:\\Users\\shahin\\Desktop\\Vira\\Galaxy\\vendor\\laravel\\framework\\src\\Illuminate\\Foundation\\Http\\Middleware\\TransformsRequest.php(21): Illuminate\\Routing\\Pipeline->Illuminate\\Routing\\{closure}(Object(Illuminate\\Http\\Request))
#20 C:\\Users\\shahin\\Desktop\\Vira\\Galaxy\\vendor\\laravel\\framework\\src\\Illuminate\\Pipeline\\Pipeline.php(163): Illuminate\\Foundation\\Http\\Middleware\\TransformsRequest->handle(Object(Illuminate\\Http\\Request), Object(Closure))
#21 C:\\Users\\shahin\\Desktop\\Vira\\Galaxy\\vendor\\laravel\\framework\\src\\Illuminate\\Routing\\Pipeline.php(53): Illuminate\\Pipeline\\Pipeline->Illuminate\\Pipeline\\{closure}(Object(Illuminate\\Http\\Request))
#22 C:\\Users\\shahin\\Desktop\\Vira\\Galaxy\\vendor\\laravel\\framework\\src\\Illuminate\\Foundation\\Http\\Middleware\\TransformsRequest.php(21): Illuminate\\Routing\\Pipeline->Illuminate\\Routing\\{closure}(Object(Illuminate\\Http\\Request))
#23 C:\\Users\\shahin\\Desktop\\Vira\\Galaxy\\vendor\\laravel\\framework\\src\\Illuminate\\Pipeline\\Pipeline.php(163): Illuminate\\Foundation\\Http\\Middleware\\TransformsRequest->handle(Object(Illuminate\\Http\\Request), Object(Closure))
#24 C:\\Users\\shahin\\Desktop\\Vira\\Galaxy\\vendor\\laravel\\framework\\src\\Illuminate\\Routing\\Pipeline.php(53): Illuminate\\Pipeline\\Pipeline->Illuminate\\Pipeline\\{closure}(Object(Illuminate\\Http\\Request))
#25 C:\\Users\\shahin\\Desktop\\Vira\\Galaxy\\vendor\\laravel\\framework\\src\\Illuminate\\Foundation\\Http\\Middleware\\ValidatePostSize.php(27): Illuminate\\Routing\\Pipeline->Illuminate\\Routing\\{closure}(Object(Illuminate\\Http\\Request))
#26 C:\\Users\\shahin\\Desktop\\Vira\\Galaxy\\vendor\\laravel\\framework\\src\\Illuminate\\Pipeline\\Pipeline.php(163): Illuminate\\Foundation\\Http\\Middleware\\ValidatePostSize->handle(Object(Illuminate\\Http\\Request), Object(Closure))
#27 C:\\Users\\shahin\\Desktop\\Vira\\Galaxy\\vendor\\laravel\\framework\\src\\Illuminate\\Routing\\Pipeline.php(53): Illuminate\\Pipeline\\Pipeline->Illuminate\\Pipeline\\{closure}(Object(Illuminate\\Http\\Request))
#28 C:\\Users\\shahin\\Desktop\\Vira\\Galaxy\\vendor\\laravel\\framework\\src\\Illuminate\\Foundation\\Http\\Middleware\\CheckForMaintenanceMode.php(62): Illuminate\\Routing\\Pipeline->Illuminate\\Routing\\{closure}(Object(Illuminate\\Http\\Request))
#29 C:\\Users\\shahin\\Desktop\\Vira\\Galaxy\\vendor\\laravel\\framework\\src\\Illuminate\\Pipeline\\Pipeline.php(163): Illuminate\\Foundation\\Http\\Middleware\\CheckForMaintenanceMode->handle(Object(Illuminate\\Http\\Request), Object(Closure))
#30 C:\\Users\\shahin\\Desktop\\Vira\\Galaxy\\vendor\\laravel\\framework\\src\\Illuminate\\Routing\\Pipeline.php(53): Illuminate\\Pipeline\\Pipeline->Illuminate\\Pipeline\\{closure}(Object(Illuminate\\Http\\Request))
#31 C:\\Users\\shahin\\Desktop\\Vira\\Galaxy\\vendor\\laravel\\framework\\src\\Illuminate\\Pipeline\\Pipeline.php(104): Illuminate\\Routing\\Pipeline->Illuminate\\Routing\\{closure}(Object(Illuminate\\Http\\Request))
#32 C:\\Users\\shahin\\Desktop\\Vira\\Galaxy\\vendor\\laravel\\framework\\src\\Illuminate\\Foundation\\Http\\Kernel.php(151): Illuminate\\Pipeline\\Pipeline->then(Object(Closure))
#33 C:\\Users\\shahin\\Desktop\\Vira\\Galaxy\\vendor\\laravel\\framework\\src\\Illuminate\\Foundation\\Http\\Kernel.php(116): Illuminate\\Foundation\\Http\\Kernel->sendRequestThroughRouter(Object(Illuminate\\Http\\Request))
#34 C:\\Users\\shahin\\Desktop\\Vira\\Galaxy\\public\\index.php(55): Illuminate\\Foundation\\Http\\Kernel->handle(Object(Illuminate\\Http\\Request))
#35 {main}
"} 
[2020-04-19 13:01:55] local.ERROR: file_put_contents(C:\Users\shahin\Desktop\Vira\Galaxy\storage\framework/cache/data/7d/36/7d36ab8afcb59632bc9f122f17e545d682de6b25): failed to open stream: Permission denied {"exception":"[object] (ErrorException(code: 0): file_put_contents(C:\\Users\\shahin\\Desktop\\Vira\\Galaxy\\storage\\framework/cache/data/7d/36/7d36ab8afcb59632bc9f122f17e545d682de6b25): failed to open stream: Permission denied at C:\\Users\\shahin\\Desktop\\Vira\\Galaxy\\vendor\\laravel\\framework\\src\\Illuminate\\Filesystem\\Filesystem.php:122)
[stacktrace]
#0 [internal function]: Illuminate\\Foundation\\Bootstrap\\HandleExceptions->handleError(2, 'file_put_conten...', 'C:\\\\Users\\\\shahin...', 122, Array)
#1 C:\\Users\\shahin\\Desktop\\Vira\\Galaxy\\vendor\\laravel\\framework\\src\\Illuminate\\Filesystem\\Filesystem.php(122): file_put_contents('C:\\\\Users\\\\shahin...', '1587301375i:158...', 2)
#2 C:\\Users\\shahin\\Desktop\\Vira\\Galaxy\\vendor\\laravel\\framework\\src\\Illuminate\\Cache\\FileStore.php(65): Illuminate\\Filesystem\\Filesystem->put('C:\\\\Users\\\\shahin...', '1587301375i:158...', true)
#3 C:\\Users\\shahin\\Desktop\\Vira\\Galaxy\\vendor\\laravel\\framework\\src\\Illuminate\\Cache\\Repository.php(215): Illuminate\\Cache\\FileStore->put('424f74a6a7ed4d4...', 1587301375, 60)
#4 C:\\Users\\shahin\\Desktop\\Vira\\Galaxy\\vendor\\laravel\\framework\\src\\Illuminate\\Cache\\Repository.php(320): Illuminate\\Cache\\Repository->put('424f74a6a7ed4d4...', 1587301375, 60)
#5 C:\\Users\\shahin\\Desktop\\Vira\\Galaxy\\vendor\\laravel\\framework\\src\\Illuminate\\Cache\\RateLimiter.php(60): Illuminate\\Cache\\Repository->add('424f74a6a7ed4d4...', 1587301375, 60)
#6 C:\\Users\\shahin\\Desktop\\Vira\\Galaxy\\vendor\\laravel\\framework\\src\\Illuminate\\Routing\\Middleware\\ThrottleRequests.php(56): Illuminate\\Cache\\RateLimiter->hit('424f74a6a7ed4d4...', 60)
#7 C:\\Users\\shahin\\Desktop\\Vira\\Galaxy\\vendor\\laravel\\framework\\src\\Illuminate\\Pipeline\\Pipeline.php(163): Illuminate\\Routing\\Middleware\\ThrottleRequests->handle(Object(Illuminate\\Http\\Request), Object(Closure), 60, '1')
#8 C:\\Users\\shahin\\Desktop\\Vira\\Galaxy\\vendor\\laravel\\framework\\src\\Illuminate\\Routing\\Pipeline.php(53): Illuminate\\Pipeline\\Pipeline->Illuminate\\Pipeline\\{closure}(Object(Illuminate\\Http\\Request))
#9 C:\\Users\\shahin\\Desktop\\Vira\\Galaxy\\vendor\\laravel\\framework\\src\\Illuminate\\Pipeline\\Pipeline.php(104): Illuminate\\Routing\\Pipeline->Illuminate\\Routing\\{closure}(Object(Illuminate\\Http\\Request))
#10 C:\\Users\\shahin\\Desktop\\Vira\\Galaxy\\vendor\\laravel\\framework\\src\\Illuminate\\Routing\\Router.php(682): Illuminate\\Pipeline\\Pipeline->then(Object(Closure))
#11 C:\\Users\\shahin\\Desktop\\Vira\\Galaxy\\vendor\\laravel\\framework\\src\\Illuminate\\Routing\\Router.php(657): Illuminate\\Routing\\Router->runRouteWithinStack(Object(Illuminate\\Routing\\Route), Object(Illuminate\\Http\\Request))
#12 C:\\Users\\shahin\\Desktop\\Vira\\Galaxy\\vendor\\laravel\\framework\\src\\Illuminate\\Routing\\Router.php(623): Illuminate\\Routing\\Router->runRoute(Object(Illuminate\\Http\\Request), Object(Illuminate\\Routing\\Route))
#13 C:\\Users\\shahin\\Desktop\\Vira\\Galaxy\\vendor\\laravel\\framework\\src\\Illuminate\\Routing\\Router.php(612): Illuminate\\Routing\\Router->dispatchToRoute(Object(Illuminate\\Http\\Request))
#14 C:\\Users\\shahin\\Desktop\\Vira\\Galaxy\\vendor\\laravel\\framework\\src\\Illuminate\\Foundation\\Http\\Kernel.php(176): Illuminate\\Routing\\Router->dispatch(Object(Illuminate\\Http\\Request))
#15 C:\\Users\\shahin\\Desktop\\Vira\\Galaxy\\vendor\\laravel\\framework\\src\\Illuminate\\Routing\\Pipeline.php(30): Illuminate\\Foundation\\Http\\Kernel->Illuminate\\Foundation\\Http\\{closure}(Object(Illuminate\\Http\\Request))
#16 C:\\Users\\shahin\\Desktop\\Vira\\Galaxy\\vendor\\fideloper\\proxy\\src\\TrustProxies.php(57): Illuminate\\Routing\\Pipeline->Illuminate\\Routing\\{closure}(Object(Illuminate\\Http\\Request))
#17 C:\\Users\\shahin\\Desktop\\Vira\\Galaxy\\vendor\\laravel\\framework\\src\\Illuminate\\Pipeline\\Pipeline.php(163): Fideloper\\Proxy\\TrustProxies->handle(Object(Illuminate\\Http\\Request), Object(Closure))
#18 C:\\Users\\shahin\\Desktop\\Vira\\Galaxy\\vendor\\laravel\\framework\\src\\Illuminate\\Routing\\Pipeline.php(53): Illuminate\\Pipeline\\Pipeline->Illuminate\\Pipeline\\{closure}(Object(Illuminate\\Http\\Request))
#19 C:\\Users\\shahin\\Desktop\\Vira\\Galaxy\\vendor\\laravel\\framework\\src\\Illuminate\\Foundation\\Http\\Middleware\\TransformsRequest.php(21): Illuminate\\Routing\\Pipeline->Illuminate\\Routing\\{closure}(Object(Illuminate\\Http\\Request))
#20 C:\\Users\\shahin\\Desktop\\Vira\\Galaxy\\vendor\\laravel\\framework\\src\\Illuminate\\Pipeline\\Pipeline.php(163): Illuminate\\Foundation\\Http\\Middleware\\TransformsRequest->handle(Object(Illuminate\\Http\\Request), Object(Closure))
#21 C:\\Users\\shahin\\Desktop\\Vira\\Galaxy\\vendor\\laravel\\framework\\src\\Illuminate\\Routing\\Pipeline.php(53): Illuminate\\Pipeline\\Pipeline->Illuminate\\Pipeline\\{closure}(Object(Illuminate\\Http\\Request))
#22 C:\\Users\\shahin\\Desktop\\Vira\\Galaxy\\vendor\\laravel\\framework\\src\\Illuminate\\Foundation\\Http\\Middleware\\TransformsRequest.php(21): Illuminate\\Routing\\Pipeline->Illuminate\\Routing\\{closure}(Object(Illuminate\\Http\\Request))
#23 C:\\Users\\shahin\\Desktop\\Vira\\Galaxy\\vendor\\laravel\\framework\\src\\Illuminate\\Pipeline\\Pipeline.php(163): Illuminate\\Foundation\\Http\\Middleware\\TransformsRequest->handle(Object(Illuminate\\Http\\Request), Object(Closure))
#24 C:\\Users\\shahin\\Desktop\\Vira\\Galaxy\\vendor\\laravel\\framework\\src\\Illuminate\\Routing\\Pipeline.php(53): Illuminate\\Pipeline\\Pipeline->Illuminate\\Pipeline\\{closure}(Object(Illuminate\\Http\\Request))
#25 C:\\Users\\shahin\\Desktop\\Vira\\Galaxy\\vendor\\laravel\\framework\\src\\Illuminate\\Foundation\\Http\\Middleware\\ValidatePostSize.php(27): Illuminate\\Routing\\Pipeline->Illuminate\\Routing\\{closure}(Object(Illuminate\\Http\\Request))
#26 C:\\Users\\shahin\\Desktop\\Vira\\Galaxy\\vendor\\laravel\\framework\\src\\Illuminate\\Pipeline\\Pipeline.php(163): Illuminate\\Foundation\\Http\\Middleware\\ValidatePostSize->handle(Object(Illuminate\\Http\\Request), Object(Closure))
#27 C:\\Users\\shahin\\Desktop\\Vira\\Galaxy\\vendor\\laravel\\framework\\src\\Illuminate\\Routing\\Pipeline.php(53): Illuminate\\Pipeline\\Pipeline->Illuminate\\Pipeline\\{closure}(Object(Illuminate\\Http\\Request))
#28 C:\\Users\\shahin\\Desktop\\Vira\\Galaxy\\vendor\\laravel\\framework\\src\\Illuminate\\Foundation\\Http\\Middleware\\CheckForMaintenanceMode.php(62): Illuminate\\Routing\\Pipeline->Illuminate\\Routing\\{closure}(Object(Illuminate\\Http\\Request))
#29 C:\\Users\\shahin\\Desktop\\Vira\\Galaxy\\vendor\\laravel\\framework\\src\\Illuminate\\Pipeline\\Pipeline.php(163): Illuminate\\Foundation\\Http\\Middleware\\CheckForMaintenanceMode->handle(Object(Illuminate\\Http\\Request), Object(Closure))
#30 C:\\Users\\shahin\\Desktop\\Vira\\Galaxy\\vendor\\laravel\\framework\\src\\Illuminate\\Routing\\Pipeline.php(53): Illuminate\\Pipeline\\Pipeline->Illuminate\\Pipeline\\{closure}(Object(Illuminate\\Http\\Request))
#31 C:\\Users\\shahin\\Desktop\\Vira\\Galaxy\\vendor\\laravel\\framework\\src\\Illuminate\\Pipeline\\Pipeline.php(104): Illuminate\\Routing\\Pipeline->Illuminate\\Routing\\{closure}(Object(Illuminate\\Http\\Request))
#32 C:\\Users\\shahin\\Desktop\\Vira\\Galaxy\\vendor\\laravel\\framework\\src\\Illuminate\\Foundation\\Http\\Kernel.php(151): Illuminate\\Pipeline\\Pipeline->then(Object(Closure))
#33 C:\\Users\\shahin\\Desktop\\Vira\\Galaxy\\vendor\\laravel\\framework\\src\\Illuminate\\Foundation\\Http\\Kernel.php(116): Illuminate\\Foundation\\Http\\Kernel->sendRequestThroughRouter(Object(Illuminate\\Http\\Request))
#34 C:\\Users\\shahin\\Desktop\\Vira\\Galaxy\\public\\index.php(55): Illuminate\\Foundation\\Http\\Kernel->handle(Object(Illuminate\\Http\\Request))
#35 {main}
"} 
